<?xml version="1.0" encoding="UTF-8"?>
<!-- Generated by org.testng.reporters.JUnitReportReporter -->
<testsuite skipped="0" hostname="IND-GAmit" name="WebDriverMaven.SampleTests" tests="20" failures="0" timestamp="27 Apr 2018 16:43:08 GMT" time="92.111" errors="0">
  <testcase name="testMethod4" time="0.002" classname="WebDriverMaven.SampleTests"/>
  <testcase name="testMethod3" time="43.777" classname="WebDriverMaven.SampleTests"/>
  <testcase name="testMethod5" time="0.000" classname="WebDriverMaven.SampleTests"/>
  <testcase name="testMethod3" time="4.181" classname="WebDriverMaven.SampleTests"/>
  <testcase name="testMethod4" time="0.002" classname="WebDriverMaven.SampleTests"/>
  <testcase name="testMethod5" time="0.000" classname="WebDriverMaven.SampleTests"/>
  <testcase name="testMethod6" time="2.304" classname="WebDriverMaven.SampleTests"/>
  <testcase name="testMethod4" time="0.000" classname="WebDriverMaven.SampleTests"/>
  <testcase name="testMethod4" time="0.003" classname="WebDriverMaven.SampleTests"/>
  <testcase name="testMethod1" time="0.033" classname="WebDriverMaven.SampleTests"/>
  <testcase name="testMethod4" time="0.000" classname="WebDriverMaven.SampleTests"/>
  <testcase name="testMethod2" time="16.736" classname="WebDriverMaven.SampleTests"/>
  <testcase name="testMethod1" time="0.039" classname="WebDriverMaven.SampleTests"/>
  <testcase name="testMethod2" time="0.948" classname="WebDriverMaven.SampleTests"/>
  <testcase name="testMethod5" time="0.000" classname="WebDriverMaven.SampleTests"/>
  <testcase name="testMethod4" time="0.000" classname="WebDriverMaven.SampleTests"/>
  <testcase name="testMethod5" time="0.003" classname="WebDriverMaven.SampleTests"/>
  <testcase name="testMethod6" time="24.078" classname="WebDriverMaven.SampleTests"/>
  <testcase name="testMethod4" time="0.003" classname="WebDriverMaven.SampleTests"/>
  <testcase name="testMethod4" time="0.002" classname="WebDriverMaven.SampleTests"/>
</testsuite> <!-- WebDriverMaven.SampleTests -->
